TN:
SF:src/lib/ofrep-web-provider.ts
FN:65,(anonymous_0)
FN:72,(anonymous_1)
FN:75,(anonymous_2)
FN:78,(anonymous_3)
FN:81,(anonymous_4)
FN:91,(anonymous_5)
FN:118,(anonymous_7)
FN:133,(anonymous_8)
FN:158,(anonymous_10)
FN:187,(anonymous_11)
FN:211,(anonymous_13)
FN:253,(anonymous_14)
FN:255,(anonymous_15)
FN:255,(anonymous_16)
FN:271,(anonymous_17)
FNF:15
FNH:13
FNDA:12,(anonymous_0)
FNDA:3,(anonymous_1)
FNDA:0,(anonymous_2)
FNDA:0,(anonymous_3)
FNDA:4,(anonymous_4)
FNDA:78,(anonymous_5)
FNDA:78,(anonymous_7)
FNDA:83,(anonymous_8)
FNDA:148,(anonymous_10)
FNDA:12,(anonymous_11)
FNDA:7,(anonymous_13)
FNDA:6,(anonymous_14)
FNDA:1,(anonymous_15)
FNDA:1,(anonymous_16)
FNDA:78,(anonymous_17)
DA:1,1
DA:21,1
DA:35,1
DA:36,1
DA:42,1
DA:44,1
DA:45,12
DA:47,12
DA:50,12
DA:51,12
DA:61,12
DA:66,12
DA:67,12
DA:68,12
DA:69,12
DA:73,3
DA:76,0
DA:79,0
DA:82,4
DA:92,78
DA:93,78
DA:95,8
DA:98,70
DA:99,70
DA:101,21
DA:108,6
DA:109,6
DA:111,15
DA:119,78
DA:120,78
DA:134,83
DA:137,83
DA:144,83
DA:145,74
DA:147,12
DA:150,62
DA:151,18
DA:154,44
DA:155,44
DA:156,44
DA:158,44
DA:159,148
DA:160,70
DA:167,148
DA:168,78
DA:176,44
DA:177,44
DA:178,44
DA:180,0
DA:188,12
DA:189,12
DA:190,12
DA:192,6
DA:193,6
DA:196,6
DA:198,6
DA:199,2
DA:201,4
DA:212,7
DA:213,7
DA:214,1
DA:217,6
DA:218,1
DA:220,0
DA:222,0
DA:224,0
DA:226,1
DA:229,0
DA:235,5
DA:236,0
DA:239,5
DA:254,6
DA:255,6
DA:256,1
DA:257,1
DA:258,1
DA:259,1
DA:262,0
DA:272,78
DA:273,27
LF:80
LH:71
BRDA:93,0,0,8
BRDA:101,1,0,6
BRDA:102,2,0,21
BRDA:102,2,1,21
BRDA:102,2,2,21
BRDA:102,2,3,18
BRDA:102,2,4,17
BRDA:108,3,0,0
BRDA:108,3,1,6
BRDA:108,4,0,6
BRDA:108,4,1,6
BRDA:111,5,0,0
BRDA:111,5,1,15
BRDA:111,6,0,15
BRDA:111,6,1,15
BRDA:141,7,0,50
BRDA:141,7,1,33
BRDA:145,8,0,12
BRDA:150,9,0,18
BRDA:154,10,0,44
BRDA:158,11,0,0
BRDA:158,11,1,44
BRDA:158,12,0,44
BRDA:158,12,1,44
BRDA:159,13,0,70
BRDA:167,14,0,78
BRDA:167,15,0,148
BRDA:167,15,1,78
BRDA:177,16,0,0
BRDA:177,16,1,44
BRDA:177,17,0,44
BRDA:177,17,1,44
BRDA:192,18,0,6
BRDA:196,19,0,0
BRDA:196,19,1,6
BRDA:196,20,0,6
BRDA:196,20,1,6
BRDA:198,21,0,2
BRDA:198,22,0,6
BRDA:198,22,1,5
BRDA:213,23,0,1
BRDA:217,24,0,1
BRDA:218,25,0,0
BRDA:218,25,1,0
BRDA:218,25,2,0
BRDA:218,25,3,1
BRDA:218,25,4,0
BRDA:218,25,5,0
BRDA:235,26,0,0
BRDA:254,27,0,1
BRDA:254,27,1,5
BRDA:254,28,0,6
BRDA:254,28,1,6
BRDA:254,29,0,0
BRDA:254,29,1,6
BRDA:254,30,0,6
BRDA:254,30,1,6
BRDA:258,31,0,1
BRDA:259,32,0,0
BRDA:259,32,1,1
BRDA:259,33,0,1
BRDA:259,33,1,1
BRDA:262,34,0,0
BRDA:262,34,1,0
BRDA:262,35,0,0
BRDA:262,35,1,0
BRDA:272,36,0,27
BRF:67
BRH:50
end_of_record
TN:
SF:src/lib/test-logger.ts
FN:6,(anonymous_0)
FN:10,(anonymous_1)
FN:14,(anonymous_2)
FN:18,(anonymous_3)
FNF:4
FNH:1
FNDA:0,(anonymous_0)
FNDA:0,(anonymous_1)
FNDA:0,(anonymous_2)
FNDA:6,(anonymous_3)
DA:5,1
DA:7,0
DA:11,0
DA:15,0
DA:19,6
LF:5
LH:2
BRF:0
BRH:0
end_of_record
TN:
SF:src/lib/model/evaluation-status.ts
FN:1,(anonymous_0)
FNF:1
FNH:1
FNDA:1,(anonymous_0)
DA:1,1
DA:2,1
DA:3,1
LF:3
LH:3
BRDA:1,0,0,1
BRDA:1,0,1,1
BRF:2
BRH:2
end_of_record
TN:
SF:src/lib/model/resolution-error.ts
FN:10,isResolutionError
FNF:1
FNH:1
FNDA:6,isResolutionError
DA:10,1
DA:11,6
DA:12,0
DA:15,6
LF:4
LH:3
BRDA:11,0,0,0
BRDA:11,1,0,6
BRDA:11,1,1,6
BRDA:15,2,0,6
BRDA:15,2,1,6
BRDA:15,2,2,1
BRF:6
BRH:5
end_of_record
